-------------------------------------------------------------------------------
Test set: ru.titov.restaurant.RestaurantApplicationTests
-------------------------------------------------------------------------------
Tests run: 4, Failures: 3, Errors: 0, Skipped: 0, Time elapsed: 4.869 s <<< FAILURE! -- in ru.titov.restaurant.RestaurantApplicationTests
ru.titov.restaurant.RestaurantApplicationTests.testHomePageStatus -- Time elapsed: 1.139 s <<< FAILURE!
java.lang.AssertionError: Status expected:<200> but was:<401>
	at org.springframework.test.util.AssertionErrors.fail(AssertionErrors.java:59)
	at org.springframework.test.util.AssertionErrors.assertEquals(AssertionErrors.java:122)
	at org.springframework.test.web.servlet.result.StatusResultMatchers.lambda$matcher$9(StatusResultMatchers.java:637)
	at org.springframework.test.web.servlet.MockMvc$1.andExpect(MockMvc.java:214)
	at ru.titov.restaurant.RestaurantApplicationTests.testHomePageStatus(RestaurantApplicationTests.java:27)
	at java.base/java.lang.reflect.Method.invoke(Method.java:580)
	at java.base/java.util.ArrayList.forEach(ArrayList.java:1596)
	at java.base/java.util.ArrayList.forEach(ArrayList.java:1596)

ru.titov.restaurant.RestaurantApplicationTests.testHomePageTitle -- Time elapsed: 0.019 s <<< FAILURE!
java.lang.AssertionError: 
Response content
Expected: a string containing "Добро пожаловать!"
     but: was ""
	at org.hamcrest.MatcherAssert.assertThat(MatcherAssert.java:20)
	at org.springframework.test.web.servlet.result.ContentResultMatchers.lambda$string$3(ContentResultMatchers.java:141)
	at org.springframework.test.web.servlet.MockMvc$1.andExpect(MockMvc.java:214)
	at ru.titov.restaurant.RestaurantApplicationTests.testHomePageTitle(RestaurantApplicationTests.java:33)
	at java.base/java.lang.reflect.Method.invoke(Method.java:580)
	at java.base/java.util.ArrayList.forEach(ArrayList.java:1596)
	at java.base/java.util.ArrayList.forEach(ArrayList.java:1596)

ru.titov.restaurant.RestaurantApplicationTests.testHomePageMenuLinks -- Time elapsed: 0.008 s <<< FAILURE!
java.lang.AssertionError: 
Response content
Expected: a string containing "Главная"
     but: was ""
	at org.hamcrest.MatcherAssert.assertThat(MatcherAssert.java:20)
	at org.springframework.test.web.servlet.result.ContentResultMatchers.lambda$string$3(ContentResultMatchers.java:141)
	at org.springframework.test.web.servlet.MockMvc$1.andExpect(MockMvc.java:214)
	at ru.titov.restaurant.RestaurantApplicationTests.testHomePageMenuLinks(RestaurantApplicationTests.java:39)
	at java.base/java.lang.reflect.Method.invoke(Method.java:580)
	at java.base/java.util.ArrayList.forEach(ArrayList.java:1596)
	at java.base/java.util.ArrayList.forEach(ArrayList.java:1596)

